<?xml version="1.0" encoding="UTF-8"?>
<!-- Generated by org.testng.reporters.JUnitXMLReporter -->
<testsuite ignored="3" hostname="DESKTOP-NHS3MPK" failures="0" tests="1" name="Default test" time="10.963" errors="0" timestamp="2022-03-25T15:11:32 IST">
  <testcase classname="TestCases.LoginTest" name="LoginFailure" time="2.61"/>
  <testcase classname="TestCases.LoginTest" name="LoginSuccess" time="0.0">
    <ignored/>
  </testcase> <!-- LoginSuccess -->
  <testcase classname="TestCases.LoginTest" name="DataFromExcelFile" time="0.0">
    <ignored/>
  </testcase> <!-- DataFromExcelFile -->
  <testcase classname="TestCases.LoginTest" name="ParameterFromTestNGFile" time="0.0">
    <ignored/>
  </testcase> <!-- ParameterFromTestNGFile -->
</testsuite> <!-- Default test -->
