<?xml version="1.0" encoding="UTF-8"?>
<!-- Generated by org.testng.reporters.JUnitXMLReporter -->
<testsuite ignored="3" hostname="DESKTOP-NHS3MPK" failures="0" tests="1" name="Default test" time="11.034" errors="0" timestamp="2022-03-26T09:29:20 IST">
  <testcase classname="TestCases.LoginTest" name="LoginFailure" time="2.604"/>
  <testcase classname="TestCases.LoginTest" name="ParameterFromTestNGFile" time="0.0">
    <ignored/>
  </testcase> <!-- ParameterFromTestNGFile -->
  <testcase classname="TestCases.LoginTest" name="DataFromExcelFile" time="0.0">
    <ignored/>
  </testcase> <!-- DataFromExcelFile -->
  <testcase classname="TestCases.LoginTest" name="LoginSuccess" time="0.0">
    <ignored/>
  </testcase> <!-- LoginSuccess -->
</testsuite> <!-- Default test -->
