<?xml version="1.0" encoding="UTF-8"?>
<!-- Generated by org.testng.reporters.JUnitXMLReporter -->
<testsuite ignored="0" hostname="DESKTOP-NHS3MPK" failures="4" tests="4" name="Test" time="19.919" errors="0" timestamp="2022-03-25T14:58:40 IST">
  <testcase classname="TestCases.LoginTest" name="DataFromExcelFile" time="0.194">
    <failure type="java.lang.NullPointerException" message="Cannot invoke &amp;quot;com.relevantcodes.extentreports.ExtentTest.log(com.relevantcodes.extentreports.LogStatus, String, String)&amp;quot; because &amp;quot;this.test&amp;quot; is null">
      <![CDATA[java.lang.NullPointerException: Cannot invoke "com.relevantcodes.extentreports.ExtentTest.log(com.relevantcodes.extentreports.LogStatus, String, String)" because "this.test" is null
at Pages.LoginPage.LoginFunction(LoginPage.java:35)
at TestCases.LoginTest.DataFromExcelFile(LoginTest.java:56)
at java.base/java.util.ArrayList.forEach(ArrayList.java:1511)
... Removed 27 stack frames]]>
    </failure>
  </testcase> <!-- DataFromExcelFile -->
  <testcase classname="TestCases.LoginTest" name="LoginFailure" time="0.181">
    <failure type="java.lang.NullPointerException" message="Cannot invoke &amp;quot;com.relevantcodes.extentreports.ExtentTest.log(com.relevantcodes.extentreports.LogStatus, String, String)&amp;quot; because &amp;quot;this.test&amp;quot; is null">
      <![CDATA[java.lang.NullPointerException: Cannot invoke "com.relevantcodes.extentreports.ExtentTest.log(com.relevantcodes.extentreports.LogStatus, String, String)" because "this.test" is null
at Pages.LoginPage.LoginFunction(LoginPage.java:35)
at TestCases.LoginTest.LoginFailure(LoginTest.java:18)
at java.base/java.util.ArrayList.forEach(ArrayList.java:1511)
... Removed 27 stack frames]]>
    </failure>
  </testcase> <!-- LoginFailure -->
  <testcase classname="TestCases.LoginTest" name="LoginSuccess" time="0.176">
    <failure type="java.lang.NullPointerException" message="Cannot invoke &amp;quot;com.relevantcodes.extentreports.ExtentTest.log(com.relevantcodes.extentreports.LogStatus, String, String)&amp;quot; because &amp;quot;this.test&amp;quot; is null">
      <![CDATA[java.lang.NullPointerException: Cannot invoke "com.relevantcodes.extentreports.ExtentTest.log(com.relevantcodes.extentreports.LogStatus, String, String)" because "this.test" is null
at Pages.LoginPage.LoginFunction(LoginPage.java:35)
at TestCases.LoginTest.LoginSuccess(LoginTest.java:29)
at java.base/java.util.ArrayList.forEach(ArrayList.java:1511)
... Removed 27 stack frames]]>
    </failure>
  </testcase> <!-- LoginSuccess -->
  <testcase classname="TestCases.LoginTest" name="ParameterFromTestNGFile" time="0.16">
    <failure type="java.lang.NullPointerException" message="Cannot invoke &amp;quot;com.relevantcodes.extentreports.ExtentTest.log(com.relevantcodes.extentreports.LogStatus, String, String)&amp;quot; because &amp;quot;this.test&amp;quot; is null">
      <![CDATA[java.lang.NullPointerException: Cannot invoke "com.relevantcodes.extentreports.ExtentTest.log(com.relevantcodes.extentreports.LogStatus, String, String)" because "this.test" is null
at Pages.LoginPage.LoginFunction(LoginPage.java:35)
at TestCases.LoginTest.ParameterFromTestNGFile(LoginTest.java:43)
at java.base/java.util.ArrayList.forEach(ArrayList.java:1511)
... Removed 27 stack frames]]>
    </failure>
  </testcase> <!-- ParameterFromTestNGFile -->
</testsuite> <!-- Test -->
