<?xml version="1.0" encoding="UTF-8"?>
<!-- Generated by org.testng.reporters.JUnitXMLReporter -->
<testsuite ignored="0" hostname="DESKTOP-NHS3MPK" failures="0" tests="4" name="Test" time="42.384" errors="0" timestamp="2022-03-27T09:37:09 IST">
  <testcase classname="TestCases.LoginTest" name="DataFromExcelFile" time="5.06"/>
  <testcase classname="TestCases.LoginTest" name="LoginFailure" time="2.642"/>
  <testcase classname="TestCases.LoginTest" name="LoginSuccess" time="4.944"/>
  <testcase classname="TestCases.LoginTest" name="ParameterFromTestNGFile" time="4.761"/>
</testsuite> <!-- Test -->
