<?xml version="1.0" encoding="UTF-8"?>
<!-- Generated by org.testng.reporters.JUnitXMLReporter -->
<testsuite ignored="0" hostname="DESKTOP-NHS3MPK" failures="1" tests="4" name="Test" time="35.109" errors="0" timestamp="2022-03-25T16:34:00 IST">
  <testcase classname="TestCases.LoginTest" name="DataFromExcelFile" time="0.237">
    <failure type="java.lang.NullPointerException">
      <![CDATA[java.lang.NullPointerException
at Pages.LoginPage.LoginFunction(LoginPage.java:35)
at TestCases.LoginTest.DataFromExcelFile(LoginTest.java:57)
at java.base/java.util.ArrayList.forEach(ArrayList.java:1541)
... Removed 31 stack frames]]>
    </failure>
  </testcase> <!-- DataFromExcelFile -->
  <testcase classname="TestCases.LoginTest" name="LoginFailure" time="2.606"/>
  <testcase classname="TestCases.LoginTest" name="LoginSuccess" time="4.789"/>
  <testcase classname="TestCases.LoginTest" name="ParameterFromTestNGFile" time="4.71"/>
</testsuite> <!-- Test -->
