<?xml version="1.0" encoding="UTF-8"?>
<testng-results ignored="0" total="4" passed="3" failed="1" skipped="0">
  <reporter-output>
  </reporter-output>
  <suite started-at="2022-03-25T16:33:25 IST" name="Suite" finished-at="2022-03-25T16:34:00 IST" duration-ms="35109">
    <groups>
    </groups>
    <test started-at="2022-03-25T16:33:25 IST" name="Test" finished-at="2022-03-25T16:34:00 IST" duration-ms="35109">
      <class name="TestCases.LoginTest">
        <test-method is-config="true" signature="ExcelDataAndReportSetUp()[pri:0, instance:TestCases.LoginTest@6c130c45]" started-at="2022-03-25T16:33:25 IST" name="ExcelDataAndReportSetUp" finished-at="2022-03-25T16:33:27 IST" duration-ms="1499" status="PASS">
          <reporter-output>
          </reporter-output>
        </test-method> <!-- ExcelDataAndReportSetUp -->
        <test-method is-config="true" signature="SetUp()[pri:0, instance:TestCases.LoginTest@6c130c45]" started-at="2022-03-25T16:33:27 IST" name="SetUp" finished-at="2022-03-25T16:33:33 IST" duration-ms="6207" status="PASS">
          <reporter-output>
          </reporter-output>
        </test-method> <!-- SetUp -->
        <test-method signature="DataFromExcelFile()[pri:0, instance:TestCases.LoginTest@6c130c45]" started-at="2022-03-25T16:33:33 IST" name="DataFromExcelFile" finished-at="2022-03-25T16:33:33 IST" duration-ms="237" status="FAIL">
          <exception class="java.lang.NullPointerException">
            <full-stacktrace>
              <![CDATA[java.lang.NullPointerException
at Pages.LoginPage.LoginFunction(LoginPage.java:35)
at TestCases.LoginTest.DataFromExcelFile(LoginTest.java:57)
at java.base/jdk.internal.reflect.NativeMethodAccessorImpl.invoke0(Native Method)
at java.base/jdk.internal.reflect.NativeMethodAccessorImpl.invoke(NativeMethodAccessorImpl.java:62)
at java.base/jdk.internal.reflect.DelegatingMethodAccessorImpl.invoke(DelegatingMethodAccessorImpl.java:43)
at java.base/java.lang.reflect.Method.invoke(Method.java:566)
at org.testng.internal.invokers.MethodInvocationHelper.invokeMethod(MethodInvocationHelper.java:135)
at org.testng.internal.invokers.TestInvoker.invokeMethod(TestInvoker.java:673)
at org.testng.internal.invokers.TestInvoker.invokeTestMethod(TestInvoker.java:220)
at org.testng.internal.invokers.MethodRunner.runInSequence(MethodRunner.java:50)
at org.testng.internal.invokers.TestInvoker$MethodInvocationAgent.invoke(TestInvoker.java:945)
at org.testng.internal.invokers.TestInvoker.invokeTestMethods(TestInvoker.java:193)
at org.testng.internal.invokers.TestMethodWorker.invokeTestMethods(TestMethodWorker.java:146)
at org.testng.internal.invokers.TestMethodWorker.run(TestMethodWorker.java:128)
at java.base/java.util.ArrayList.forEach(ArrayList.java:1541)
at org.testng.TestRunner.privateRun(TestRunner.java:808)
at org.testng.TestRunner.run(TestRunner.java:603)
at org.testng.SuiteRunner.runTest(SuiteRunner.java:429)
at org.testng.SuiteRunner.runSequentially(SuiteRunner.java:423)
at org.testng.SuiteRunner.privateRun(SuiteRunner.java:383)
at org.testng.SuiteRunner.run(SuiteRunner.java:326)
at org.testng.SuiteRunnerWorker.runSuite(SuiteRunnerWorker.java:52)
at org.testng.SuiteRunnerWorker.run(SuiteRunnerWorker.java:95)
at org.testng.TestNG.runSuitesSequentially(TestNG.java:1249)
at org.testng.TestNG.runSuitesLocally(TestNG.java:1169)
at org.testng.TestNG.runSuites(TestNG.java:1092)
at org.testng.TestNG.run(TestNG.java:1060)
at org.apache.maven.surefire.testng.TestNGExecutor.run(TestNGExecutor.java:284)
at org.apache.maven.surefire.testng.TestNGXmlTestSuite.execute(TestNGXmlTestSuite.java:75)
at org.apache.maven.surefire.testng.TestNGProvider.invoke(TestNGProvider.java:119)
at org.apache.maven.surefire.booter.ForkedBooter.runSuitesInProcess(ForkedBooter.java:428)
at org.apache.maven.surefire.booter.ForkedBooter.execute(ForkedBooter.java:162)
at org.apache.maven.surefire.booter.ForkedBooter.run(ForkedBooter.java:562)
at org.apache.maven.surefire.booter.ForkedBooter.main(ForkedBooter.java:548)
]]>
            </full-stacktrace>
          </exception> <!-- java.lang.NullPointerException -->
          <reporter-output>
          </reporter-output>
        </test-method> <!-- DataFromExcelFile -->
        <test-method is-config="true" signature="tearDown()[pri:0, instance:TestCases.LoginTest@6c130c45]" started-at="2022-03-25T16:33:33 IST" name="tearDown" finished-at="2022-03-25T16:33:34 IST" duration-ms="964" status="PASS">
          <reporter-output>
          </reporter-output>
        </test-method> <!-- tearDown -->
        <test-method is-config="true" signature="SetUp()[pri:0, instance:TestCases.LoginTest@6c130c45]" started-at="2022-03-25T16:33:34 IST" name="SetUp" finished-at="2022-03-25T16:33:38 IST" duration-ms="3785" status="PASS">
          <reporter-output>
          </reporter-output>
        </test-method> <!-- SetUp -->
        <test-method signature="LoginFailure()[pri:0, instance:TestCases.LoginTest@6c130c45]" started-at="2022-03-25T16:33:38 IST" name="LoginFailure" finished-at="2022-03-25T16:33:40 IST" duration-ms="2606" status="PASS">
          <reporter-output>
          </reporter-output>
        </test-method> <!-- LoginFailure -->
        <test-method is-config="true" signature="tearDown()[pri:0, instance:TestCases.LoginTest@6c130c45]" started-at="2022-03-25T16:33:40 IST" name="tearDown" finished-at="2022-03-25T16:33:41 IST" duration-ms="858" status="PASS">
          <reporter-output>
          </reporter-output>
        </test-method> <!-- tearDown -->
        <test-method is-config="true" signature="SetUp()[pri:0, instance:TestCases.LoginTest@6c130c45]" started-at="2022-03-25T16:33:41 IST" name="SetUp" finished-at="2022-03-25T16:33:45 IST" duration-ms="3626" status="PASS">
          <reporter-output>
          </reporter-output>
        </test-method> <!-- SetUp -->
        <test-method signature="LoginSuccess()[pri:0, instance:TestCases.LoginTest@6c130c45]" started-at="2022-03-25T16:33:45 IST" name="LoginSuccess" finished-at="2022-03-25T16:33:50 IST" duration-ms="4789" status="PASS">
          <reporter-output>
          </reporter-output>
        </test-method> <!-- LoginSuccess -->
        <test-method is-config="true" signature="tearDown()[pri:0, instance:TestCases.LoginTest@6c130c45]" started-at="2022-03-25T16:33:50 IST" name="tearDown" finished-at="2022-03-25T16:33:51 IST" duration-ms="866" status="PASS">
          <reporter-output>
          </reporter-output>
        </test-method> <!-- tearDown -->
        <test-method is-config="true" signature="SetUp()[pri:0, instance:TestCases.LoginTest@6c130c45]" started-at="2022-03-25T16:33:51 IST" name="SetUp" finished-at="2022-03-25T16:33:54 IST" duration-ms="3525" status="PASS">
          <reporter-output>
          </reporter-output>
        </test-method> <!-- SetUp -->
        <test-method signature="ParameterFromTestNGFile(java.lang.String,java.lang.String)[pri:0, instance:TestCases.LoginTest@6c130c45]" started-at="2022-03-25T16:33:54 IST" name="ParameterFromTestNGFile" finished-at="2022-03-25T16:33:59 IST" duration-ms="4710" status="PASS">
          <params>
            <param index="0">
              <value>
                <![CDATA[standard_user]]>
              </value>
            </param>
            <param index="1">
              <value>
                <![CDATA[secret_sauce]]>
              </value>
            </param>
          </params>
          <reporter-output>
          </reporter-output>
        </test-method> <!-- ParameterFromTestNGFile -->
        <test-method is-config="true" signature="tearDown()[pri:0, instance:TestCases.LoginTest@6c130c45]" started-at="2022-03-25T16:33:59 IST" name="tearDown" finished-at="2022-03-25T16:34:00 IST" duration-ms="869" status="PASS">
          <reporter-output>
          </reporter-output>
        </test-method> <!-- tearDown -->
        <test-method is-config="true" signature="tearDownExcelReport()[pri:0, instance:TestCases.LoginTest@6c130c45]" started-at="2022-03-25T16:34:00 IST" name="tearDownExcelReport" finished-at="2022-03-25T16:34:00 IST" duration-ms="488" status="PASS">
          <reporter-output>
          </reporter-output>
        </test-method> <!-- tearDownExcelReport -->
      </class> <!-- TestCases.LoginTest -->
    </test> <!-- Test -->
  </suite> <!-- Suite -->
</testng-results>
