<?xml version="1.0" encoding="UTF-8"?>
<testng-results ignored="0" total="2" passed="2" failed="0" skipped="0">
  <reporter-output>
  </reporter-output>
  <suite started-at="2022-03-21T20:02:10 IST" name="Suite" finished-at="2022-03-21T20:02:27 IST" duration-ms="17086">
    <groups>
    </groups>
    <test started-at="2022-03-21T20:02:10 IST" name="Test" finished-at="2022-03-21T20:02:27 IST" duration-ms="17086">
      <class name="TestCases.LoginTest">
        <test-method is-config="true" signature="SetUp()[pri:0, instance:TestCases.LoginTest@355ce81c]" started-at="2022-03-21T20:02:10 IST" name="SetUp" finished-at="2022-03-21T20:02:15 IST" duration-ms="4546" status="PASS">
          <reporter-output>
          </reporter-output>
        </test-method> <!-- SetUp -->
        <test-method signature="LoginFailure()[pri:0, instance:TestCases.LoginTest@355ce81c]" started-at="2022-03-21T20:02:15 IST" name="LoginFailure" finished-at="2022-03-21T20:02:17 IST" duration-ms="2578" status="PASS">
          <reporter-output>
          </reporter-output>
        </test-method> <!-- LoginFailure -->
        <test-method is-config="true" signature="tearDown()[pri:0, instance:TestCases.LoginTest@355ce81c]" started-at="2022-03-21T20:02:17 IST" name="tearDown" finished-at="2022-03-21T20:02:18 IST" duration-ms="889" status="PASS">
          <reporter-output>
          </reporter-output>
        </test-method> <!-- tearDown -->
        <test-method is-config="true" signature="SetUp()[pri:0, instance:TestCases.LoginTest@355ce81c]" started-at="2022-03-21T20:02:18 IST" name="SetUp" finished-at="2022-03-21T20:02:22 IST" duration-ms="3351" status="PASS">
          <reporter-output>
          </reporter-output>
        </test-method> <!-- SetUp -->
        <test-method signature="LoginSuccess()[pri:0, instance:TestCases.LoginTest@355ce81c]" started-at="2022-03-21T20:02:22 IST" name="LoginSuccess" finished-at="2022-03-21T20:02:26 IST" duration-ms="4647" status="PASS">
          <reporter-output>
          </reporter-output>
        </test-method> <!-- LoginSuccess -->
        <test-method is-config="true" signature="tearDown()[pri:0, instance:TestCases.LoginTest@355ce81c]" started-at="2022-03-21T20:02:26 IST" name="tearDown" finished-at="2022-03-21T20:02:27 IST" duration-ms="1013" status="PASS">
          <reporter-output>
          </reporter-output>
        </test-method> <!-- tearDown -->
      </class> <!-- TestCases.LoginTest -->
    </test> <!-- Test -->
  </suite> <!-- Suite -->
</testng-results>
