<?xml version="1.0" encoding="UTF-8"?>
<testng-results ignored="0" total="4" passed="4" failed="0" skipped="0">
  <reporter-output>
  </reporter-output>
  <suite started-at="2022-03-26T09:26:43 IST" name="Suite" finished-at="2022-03-26T09:27:28 IST" duration-ms="45198">
    <groups>
    </groups>
    <test started-at="2022-03-26T09:26:43 IST" name="Test" finished-at="2022-03-26T09:27:28 IST" duration-ms="45198">
      <class name="TestCases.LoginTest">
        <test-method is-config="true" signature="ExcelDataAndReportSetUp()[pri:0, instance:TestCases.LoginTest@4229bb3f]" started-at="2022-03-26T09:26:43 IST" name="ExcelDataAndReportSetUp" finished-at="2022-03-26T09:26:45 IST" duration-ms="1941" status="PASS">
          <reporter-output>
          </reporter-output>
        </test-method> <!-- ExcelDataAndReportSetUp -->
        <test-method is-config="true" signature="SetUp(java.lang.reflect.Method)[pri:0, instance:TestCases.LoginTest@4229bb3f]" started-at="2022-03-26T09:26:45 IST" name="SetUp" finished-at="2022-03-26T09:26:54 IST" duration-ms="9115" status="PASS">
          <params>
            <param index="0">
              <value>
                <![CDATA[public void TestCases.LoginTest.DataFromExcelFile() throws java.lang.Exception]]>
              </value>
            </param>
          </params>
          <reporter-output>
          </reporter-output>
        </test-method> <!-- SetUp -->
        <test-method signature="DataFromExcelFile()[pri:0, instance:TestCases.LoginTest@4229bb3f]" started-at="2022-03-26T09:26:54 IST" name="DataFromExcelFile" finished-at="2022-03-26T09:26:59 IST" duration-ms="4763" status="PASS">
          <reporter-output>
          </reporter-output>
        </test-method> <!-- DataFromExcelFile -->
        <test-method is-config="true" signature="tearDown()[pri:0, instance:TestCases.LoginTest@4229bb3f]" started-at="2022-03-26T09:26:59 IST" name="tearDown" finished-at="2022-03-26T09:27:00 IST" duration-ms="1251" status="PASS">
          <reporter-output>
          </reporter-output>
        </test-method> <!-- tearDown -->
        <test-method is-config="true" signature="SetUp(java.lang.reflect.Method)[pri:0, instance:TestCases.LoginTest@4229bb3f]" started-at="2022-03-26T09:27:00 IST" name="SetUp" finished-at="2022-03-26T09:27:04 IST" duration-ms="4601" status="PASS">
          <params>
            <param index="0">
              <value>
                <![CDATA[public void TestCases.LoginTest.LoginFailure() throws java.lang.Exception]]>
              </value>
            </param>
          </params>
          <reporter-output>
          </reporter-output>
        </test-method> <!-- SetUp -->
        <test-method signature="LoginFailure()[pri:0, instance:TestCases.LoginTest@4229bb3f]" started-at="2022-03-26T09:27:04 IST" name="LoginFailure" finished-at="2022-03-26T09:27:07 IST" duration-ms="2617" status="PASS">
          <reporter-output>
          </reporter-output>
        </test-method> <!-- LoginFailure -->
        <test-method is-config="true" signature="tearDown()[pri:0, instance:TestCases.LoginTest@4229bb3f]" started-at="2022-03-26T09:27:07 IST" name="tearDown" finished-at="2022-03-26T09:27:07 IST" duration-ms="353" status="PASS">
          <reporter-output>
          </reporter-output>
        </test-method> <!-- tearDown -->
        <test-method is-config="true" signature="SetUp(java.lang.reflect.Method)[pri:0, instance:TestCases.LoginTest@4229bb3f]" started-at="2022-03-26T09:27:07 IST" name="SetUp" finished-at="2022-03-26T09:27:11 IST" duration-ms="3992" status="PASS">
          <params>
            <param index="0">
              <value>
                <![CDATA[public void TestCases.LoginTest.LoginSuccess() throws java.lang.Exception]]>
              </value>
            </param>
          </params>
          <reporter-output>
          </reporter-output>
        </test-method> <!-- SetUp -->
        <test-method signature="LoginSuccess()[pri:0, instance:TestCases.LoginTest@4229bb3f]" started-at="2022-03-26T09:27:11 IST" name="LoginSuccess" finished-at="2022-03-26T09:27:16 IST" duration-ms="4744" status="PASS">
          <reporter-output>
          </reporter-output>
        </test-method> <!-- LoginSuccess -->
        <test-method is-config="true" signature="tearDown()[pri:0, instance:TestCases.LoginTest@4229bb3f]" started-at="2022-03-26T09:27:16 IST" name="tearDown" finished-at="2022-03-26T09:27:17 IST" duration-ms="852" status="PASS">
          <reporter-output>
          </reporter-output>
        </test-method> <!-- tearDown -->
        <test-method is-config="true" signature="SetUp(java.lang.reflect.Method)[pri:0, instance:TestCases.LoginTest@4229bb3f]" started-at="2022-03-26T09:27:17 IST" name="SetUp" finished-at="2022-03-26T09:27:21 IST" duration-ms="4109" status="PASS">
          <params>
            <param index="0">
              <value>
                <![CDATA[public void TestCases.LoginTest.ParameterFromTestNGFile(java.lang.String,java.lang.String) throws java.lang.Exception]]>
              </value>
            </param>
          </params>
          <reporter-output>
          </reporter-output>
        </test-method> <!-- SetUp -->
        <test-method signature="ParameterFromTestNGFile(java.lang.String,java.lang.String)[pri:0, instance:TestCases.LoginTest@4229bb3f]" started-at="2022-03-26T09:27:21 IST" name="ParameterFromTestNGFile" finished-at="2022-03-26T09:27:26 IST" duration-ms="4906" status="PASS">
          <params>
            <param index="0">
              <value>
                <![CDATA[standard_user]]>
              </value>
            </param>
            <param index="1">
              <value>
                <![CDATA[secret_sauce]]>
              </value>
            </param>
          </params>
          <reporter-output>
          </reporter-output>
        </test-method> <!-- ParameterFromTestNGFile -->
        <test-method is-config="true" signature="tearDown()[pri:0, instance:TestCases.LoginTest@4229bb3f]" started-at="2022-03-26T09:27:26 IST" name="tearDown" finished-at="2022-03-26T09:27:27 IST" duration-ms="1058" status="PASS">
          <reporter-output>
          </reporter-output>
        </test-method> <!-- tearDown -->
        <test-method is-config="true" signature="tearDownExcelReport()[pri:0, instance:TestCases.LoginTest@4229bb3f]" started-at="2022-03-26T09:27:27 IST" name="tearDownExcelReport" finished-at="2022-03-26T09:27:28 IST" duration-ms="804" status="PASS">
          <reporter-output>
          </reporter-output>
        </test-method> <!-- tearDownExcelReport -->
      </class> <!-- TestCases.LoginTest -->
    </test> <!-- Test -->
  </suite> <!-- Suite -->
</testng-results>
