<?xml version="1.0" encoding="UTF-8"?>
<testng-results ignored="0" total="2" passed="2" failed="0" skipped="0">
  <reporter-output>
  </reporter-output>
  <suite started-at="2022-03-21T19:59:53 IST" name="Suite" finished-at="2022-03-21T20:00:10 IST" duration-ms="16824">
    <groups>
    </groups>
    <test started-at="2022-03-21T19:59:53 IST" name="Test" finished-at="2022-03-21T20:00:10 IST" duration-ms="16824">
      <class name="TestCases.LoginTest">
        <test-method is-config="true" signature="SetUp()[pri:0, instance:TestCases.LoginTest@306f16f3]" started-at="2022-03-21T19:59:53 IST" name="SetUp" finished-at="2022-03-21T19:59:58 IST" duration-ms="4872" status="PASS">
          <reporter-output>
          </reporter-output>
        </test-method> <!-- SetUp -->
        <test-method signature="LoginFailure()[pri:0, instance:TestCases.LoginTest@306f16f3]" started-at="2022-03-21T19:59:58 IST" name="LoginFailure" finished-at="2022-03-21T20:00:00 IST" duration-ms="2519" status="PASS">
          <reporter-output>
          </reporter-output>
        </test-method> <!-- LoginFailure -->
        <test-method is-config="true" signature="tearDown()[pri:0, instance:TestCases.LoginTest@306f16f3]" started-at="2022-03-21T20:00:00 IST" name="tearDown" finished-at="2022-03-21T20:00:01 IST" duration-ms="358" status="PASS">
          <reporter-output>
          </reporter-output>
        </test-method> <!-- tearDown -->
        <test-method is-config="true" signature="SetUp()[pri:0, instance:TestCases.LoginTest@306f16f3]" started-at="2022-03-21T20:00:01 IST" name="SetUp" finished-at="2022-03-21T20:00:05 IST" duration-ms="3966" status="PASS">
          <reporter-output>
          </reporter-output>
        </test-method> <!-- SetUp -->
        <test-method signature="LoginSuccess()[pri:0, instance:TestCases.LoginTest@306f16f3]" started-at="2022-03-21T20:00:05 IST" name="LoginSuccess" finished-at="2022-03-21T20:00:09 IST" duration-ms="4587" status="PASS">
          <reporter-output>
          </reporter-output>
        </test-method> <!-- LoginSuccess -->
        <test-method is-config="true" signature="tearDown()[pri:0, instance:TestCases.LoginTest@306f16f3]" started-at="2022-03-21T20:00:09 IST" name="tearDown" finished-at="2022-03-21T20:00:10 IST" duration-ms="448" status="PASS">
          <reporter-output>
          </reporter-output>
        </test-method> <!-- tearDown -->
      </class> <!-- TestCases.LoginTest -->
    </test> <!-- Test -->
  </suite> <!-- Suite -->
</testng-results>
